2022-04-09 17:30:44,965 INFO org.springframework.boot.StartupInfoLogger [main] Starting AdmisssionApplicationTests using Java 17.0.2 on DESKTOP-QQKQL13 with PID 10584 (started by Shailesh in D:\Shailesh\Virtusa\Virtusa Project\springapp)
2022-04-09 17:30:44,970 DEBUG org.springframework.boot.StartupInfoLogger [main] Running with Spring Boot v2.6.4, Spring v5.3.16
2022-04-09 17:30:44,973 INFO org.springframework.boot.SpringApplication [main] No active profile set, falling back to 1 default profile: "default"
2022-04-09 17:30:46,170 INFO org.springframework.data.repository.config.RepositoryConfigurationDelegate [main] Bootstrapping Spring Data JPA repositories in DEFAULT mode.
2022-04-09 17:30:46,305 INFO org.springframework.data.repository.config.RepositoryConfigurationDelegate [main] Finished Spring Data repository scanning in 120 ms. Found 6 JPA repository interfaces.
2022-04-09 17:30:47,699 INFO org.hibernate.jpa.internal.util.LogHelper [main] HHH000204: Processing PersistenceUnitInfo [name: default]
2022-04-09 17:30:47,761 INFO org.hibernate.Version [main] HHH000412: Hibernate ORM core version 5.6.5.Final
2022-04-09 17:30:47,793 INFO org.hibernate.annotations.common.reflection.java.JavaReflectionManager [main] HCANN000001: Hibernate Commons Annotations {5.1.2.Final}
2022-04-09 17:30:47,958 INFO com.zaxxer.hikari.HikariDataSource [main] HikariPool-1 - Starting...
2022-04-09 17:30:48,129 INFO com.zaxxer.hikari.HikariDataSource [main] HikariPool-1 - Start completed.
2022-04-09 17:30:48,141 INFO org.hibernate.dialect.Dialect [main] HHH000400: Using dialect: org.hibernate.dialect.MySQL5Dialect
2022-04-09 17:30:48,616 INFO org.hibernate.engine.transaction.jta.platform.internal.JtaPlatformInitiator [main] HHH000490: Using JtaPlatform implementation: [org.hibernate.engine.transaction.jta.platform.internal.NoJtaPlatform]
2022-04-09 17:30:48,623 INFO org.springframework.orm.jpa.AbstractEntityManagerFactoryBean [main] Initialized JPA EntityManagerFactory for persistence unit 'default'
2022-04-09 17:30:49,765 WARN org.springframework.boot.autoconfigure.orm.jpa.JpaBaseConfiguration$JpaWebConfiguration [main] spring.jpa.open-in-view is enabled by default. Therefore, database queries may be performed during view rendering. Explicitly configure spring.jpa.open-in-view to disable this warning
2022-04-09 17:30:50,278 INFO springfox.documentation.spring.web.PropertySourcedRequestMappingHandlerMapping [main] Mapped URL path [/v2/api-docs] onto method [springfox.documentation.swagger2.web.Swagger2Controller#getDocumentation(String, HttpServletRequest)]
2022-04-09 17:30:51,198 INFO springfox.documentation.spring.web.plugins.DocumentationPluginsBootstrapper [main] Context refreshed
2022-04-09 17:30:51,227 INFO springfox.documentation.spring.web.plugins.DocumentationPluginsBootstrapper [main] Found 1 custom documentation plugin(s)
2022-04-09 17:30:51,265 INFO springfox.documentation.spring.web.scanners.ApiListingReferenceScanner [main] Scanning for api listing references
2022-04-09 17:30:51,418 INFO springfox.documentation.spring.web.readers.operation.CachingOperationNameGenerator [main] Generating unique operation named: deleteCourseUsingDELETE_1
2022-04-09 17:30:51,517 INFO springfox.documentation.spring.web.readers.operation.CachingOperationNameGenerator [main] Generating unique operation named: addUsingPOST_1
2022-04-09 17:30:51,538 INFO springfox.documentation.spring.web.readers.operation.CachingOperationNameGenerator [main] Generating unique operation named: getAllUsingGET_1
2022-04-09 17:30:51,575 INFO springfox.documentation.spring.web.readers.operation.CachingOperationNameGenerator [main] Generating unique operation named: addUsingPOST_2
2022-04-09 17:30:51,609 INFO org.springframework.boot.StartupInfoLogger [main] Started AdmisssionApplicationTests in 7.312 seconds (JVM running for 8.673)
2022-04-09 17:30:51,797 INFO org.springframework.orm.jpa.AbstractEntityManagerFactoryBean [SpringApplicationShutdownHook] Closing JPA EntityManagerFactory for persistence unit 'default'
2022-04-09 17:30:51,800 INFO com.zaxxer.hikari.HikariDataSource [SpringApplicationShutdownHook] HikariPool-1 - Shutdown initiated...
2022-04-09 17:30:51,815 INFO com.zaxxer.hikari.HikariDataSource [SpringApplicationShutdownHook] HikariPool-1 - Shutdown completed.
