2022-04-02 08:06:51,509 INFO org.springframework.boot.StartupInfoLogger [main] Starting AdmisssionApplication using Java 17.0.2 on DESKTOP-QQKQL13 with PID 9692 (D:\Shailesh\Virtusa\Virtusa Project\springapp\target\classes started by Shailesh in D:\Shailesh\Virtusa\Virtusa Project)
2022-04-02 08:06:51,620 DEBUG org.springframework.boot.StartupInfoLogger [main] Running with Spring Boot v2.6.4, Spring v5.3.16
2022-04-02 08:06:51,620 INFO org.springframework.boot.SpringApplication [main] No active profile set, falling back to 1 default profile: "default"
2022-04-02 08:06:52,686 INFO org.springframework.data.repository.config.RepositoryConfigurationDelegate [main] Bootstrapping Spring Data JPA repositories in DEFAULT mode.
2022-04-02 08:06:52,834 INFO org.springframework.data.repository.config.RepositoryConfigurationDelegate [main] Finished Spring Data repository scanning in 121 ms. Found 6 JPA repository interfaces.
2022-04-02 08:06:53,801 INFO org.springframework.boot.web.embedded.tomcat.TomcatWebServer [main] Tomcat initialized with port(s): 8080 (http)
2022-04-02 08:06:53,821 INFO org.apache.juli.logging.DirectJDKLog [main] Initializing ProtocolHandler ["http-nio-8080"]
2022-04-02 08:06:53,821 INFO org.apache.juli.logging.DirectJDKLog [main] Starting service [Tomcat]
2022-04-02 08:06:53,821 INFO org.apache.juli.logging.DirectJDKLog [main] Starting Servlet engine: [Apache Tomcat/9.0.58]
2022-04-02 08:06:53,978 INFO org.apache.juli.logging.DirectJDKLog [main] Initializing Spring embedded WebApplicationContext
2022-04-02 08:06:53,978 INFO org.springframework.boot.web.servlet.context.ServletWebServerApplicationContext [main] Root WebApplicationContext: initialization completed in 2289 ms
2022-04-02 08:06:54,282 INFO org.hibernate.jpa.internal.util.LogHelper [main] HHH000204: Processing PersistenceUnitInfo [name: default]
2022-04-02 08:06:54,372 INFO org.hibernate.Version [main] HHH000412: Hibernate ORM core version 5.6.5.Final
2022-04-02 08:06:54,593 INFO org.hibernate.annotations.common.reflection.java.JavaReflectionManager [main] HCANN000001: Hibernate Commons Annotations {5.1.2.Final}
2022-04-02 08:06:54,709 INFO com.zaxxer.hikari.HikariDataSource [main] HikariPool-1 - Starting...
2022-04-02 08:06:54,932 INFO com.zaxxer.hikari.HikariDataSource [main] HikariPool-1 - Start completed.
2022-04-02 08:06:54,959 INFO org.hibernate.dialect.Dialect [main] HHH000400: Using dialect: org.hibernate.dialect.MySQL5Dialect
2022-04-02 08:06:55,883 INFO org.hibernate.engine.transaction.jta.platform.internal.JtaPlatformInitiator [main] HHH000490: Using JtaPlatform implementation: [org.hibernate.engine.transaction.jta.platform.internal.NoJtaPlatform]
2022-04-02 08:06:55,902 INFO org.springframework.orm.jpa.AbstractEntityManagerFactoryBean [main] Initialized JPA EntityManagerFactory for persistence unit 'default'
2022-04-02 08:06:57,324 WARN org.springframework.boot.autoconfigure.orm.jpa.JpaBaseConfiguration$JpaWebConfiguration [main] spring.jpa.open-in-view is enabled by default. Therefore, database queries may be performed during view rendering. Explicitly configure spring.jpa.open-in-view to disable this warning
2022-04-02 08:06:57,671 INFO springfox.documentation.spring.web.PropertySourcedRequestMappingHandlerMapping [main] Mapped URL path [/v2/api-docs] onto method [springfox.documentation.swagger2.web.Swagger2Controller#getDocumentation(String, HttpServletRequest)]
2022-04-02 08:06:58,165 INFO org.apache.juli.logging.DirectJDKLog [main] Starting ProtocolHandler ["http-nio-8080"]
2022-04-02 08:06:58,280 INFO org.springframework.boot.web.embedded.tomcat.TomcatWebServer [main] Tomcat started on port(s): 8080 (http) with context path ''
2022-04-02 08:06:58,284 INFO springfox.documentation.spring.web.plugins.DocumentationPluginsBootstrapper [main] Context refreshed
2022-04-02 08:06:58,331 INFO springfox.documentation.spring.web.plugins.DocumentationPluginsBootstrapper [main] Found 1 custom documentation plugin(s)
2022-04-02 08:06:58,401 INFO springfox.documentation.spring.web.scanners.ApiListingReferenceScanner [main] Scanning for api listing references
2022-04-02 08:06:58,633 INFO springfox.documentation.spring.web.readers.operation.CachingOperationNameGenerator [main] Generating unique operation named: deleteCourseUsingDELETE_1
2022-04-02 08:06:58,714 INFO springfox.documentation.spring.web.readers.operation.CachingOperationNameGenerator [main] Generating unique operation named: addUsingPOST_1
2022-04-02 08:06:58,740 INFO springfox.documentation.spring.web.readers.operation.CachingOperationNameGenerator [main] Generating unique operation named: getAllUsingGET_1
2022-04-02 08:06:58,789 INFO springfox.documentation.spring.web.readers.operation.CachingOperationNameGenerator [main] Generating unique operation named: addUsingPOST_2
2022-04-02 08:06:58,834 INFO org.springframework.boot.StartupInfoLogger [main] Started AdmisssionApplication in 7.912 seconds (JVM running for 8.48)
2022-04-02 08:16:11,147 INFO org.apache.juli.logging.DirectJDKLog [http-nio-8080-exec-1] Initializing Spring DispatcherServlet 'dispatcherServlet'
2022-04-02 08:16:11,152 INFO org.springframework.web.servlet.FrameworkServlet [http-nio-8080-exec-1] Initializing Servlet 'dispatcherServlet'
2022-04-02 08:16:11,156 INFO org.springframework.web.servlet.FrameworkServlet [http-nio-8080-exec-1] Completed initialization in 1 ms
2022-04-02 08:16:11,830 INFO com.diploma.admisssion.controller.UserContoller [http-nio-8080-exec-2] Logged in with: shailesh.karthik16@gmail.com
2022-04-02 08:16:48,335 INFO com.diploma.admisssion.controller.UserContoller [http-nio-8080-exec-10] Logged in with: karthik@gmail.com
2022-04-02 08:18:23,594 INFO com.diploma.admisssion.controller.AdmissionController [http-nio-8080-exec-8] Admissions [academicYear=2022-24, adminName=Kartik, admissionid=50, admissionstatus=Granted, instituteName=RMK College, regid=105, title=DIPLOMA IN GERMAN, useremail=shailesh.karthik16@gmail.com, username=Shailesh Karthik]
2022-04-02 08:19:50,116 INFO com.diploma.admisssion.controller.UserContoller [http-nio-8080-exec-1] Logged in with: shailesh.karthik16@gmail.com
2022-04-02 08:20:56,561 INFO com.diploma.admisssion.controller.UserContoller [http-nio-8080-exec-5] Logged in with: karthik@gmail.com
2022-04-02 08:21:07,926 INFO com.diploma.admisssion.controller.AdmissionController [http-nio-8080-exec-10] Admissions [academicYear=2022-26, adminName=Kartik, admissionid=51, admissionstatus=Granted, instituteName=PQW College, regid=106, title=DIPLOMA IN CIVIL ENGINEERING, useremail=shailesh.karthik16@gmail.com, username=Shailesh Karthik]
2022-04-02 08:50:15,705 INFO org.springframework.orm.jpa.AbstractEntityManagerFactoryBean [SpringApplicationShutdownHook] Closing JPA EntityManagerFactory for persistence unit 'default'
2022-04-02 08:50:15,710 INFO com.zaxxer.hikari.HikariDataSource [SpringApplicationShutdownHook] HikariPool-1 - Shutdown initiated...
2022-04-02 08:50:15,710 INFO com.zaxxer.hikari.HikariDataSource [SpringApplicationShutdownHook] HikariPool-1 - Shutdown completed.
2022-04-02 15:40:25,704 INFO org.springframework.boot.StartupInfoLogger [main] Starting AdmisssionApplication using Java 17.0.2 on DESKTOP-QQKQL13 with PID 20936 (D:\Shailesh\Virtusa\Virtusa Project\springapp\target\classes started by Shailesh in D:\Shailesh\Virtusa\Virtusa Project)
2022-04-02 15:40:25,762 DEBUG org.springframework.boot.StartupInfoLogger [main] Running with Spring Boot v2.6.4, Spring v5.3.16
2022-04-02 15:40:25,765 INFO org.springframework.boot.SpringApplication [main] No active profile set, falling back to 1 default profile: "default"
2022-04-02 15:40:27,900 INFO org.springframework.data.repository.config.RepositoryConfigurationDelegate [main] Bootstrapping Spring Data JPA repositories in DEFAULT mode.
2022-04-02 15:40:28,006 INFO org.springframework.data.repository.config.RepositoryConfigurationDelegate [main] Finished Spring Data repository scanning in 84 ms. Found 6 JPA repository interfaces.
2022-04-02 15:40:28,806 INFO org.springframework.boot.web.embedded.tomcat.TomcatWebServer [main] Tomcat initialized with port(s): 8080 (http)
2022-04-02 15:40:28,837 INFO org.apache.juli.logging.DirectJDKLog [main] Initializing ProtocolHandler ["http-nio-8080"]
2022-04-02 15:40:28,839 INFO org.apache.juli.logging.DirectJDKLog [main] Starting service [Tomcat]
2022-04-02 15:40:28,842 INFO org.apache.juli.logging.DirectJDKLog [main] Starting Servlet engine: [Apache Tomcat/9.0.58]
2022-04-02 15:40:28,955 INFO org.apache.juli.logging.DirectJDKLog [main] Initializing Spring embedded WebApplicationContext
2022-04-02 15:40:28,955 INFO org.springframework.boot.web.servlet.context.ServletWebServerApplicationContext [main] Root WebApplicationContext: initialization completed in 3121 ms
2022-04-02 15:40:29,243 INFO org.hibernate.jpa.internal.util.LogHelper [main] HHH000204: Processing PersistenceUnitInfo [name: default]
2022-04-02 15:40:29,342 INFO org.hibernate.Version [main] HHH000412: Hibernate ORM core version 5.6.5.Final
2022-04-02 15:40:29,580 INFO org.hibernate.annotations.common.reflection.java.JavaReflectionManager [main] HCANN000001: Hibernate Commons Annotations {5.1.2.Final}
2022-04-02 15:40:29,721 INFO com.zaxxer.hikari.HikariDataSource [main] HikariPool-1 - Starting...
2022-04-02 15:40:29,925 INFO com.zaxxer.hikari.HikariDataSource [main] HikariPool-1 - Start completed.
2022-04-02 15:40:29,951 INFO org.hibernate.dialect.Dialect [main] HHH000400: Using dialect: org.hibernate.dialect.MySQL5Dialect
2022-04-02 15:40:30,840 INFO org.hibernate.engine.transaction.jta.platform.internal.JtaPlatformInitiator [main] HHH000490: Using JtaPlatform implementation: [org.hibernate.engine.transaction.jta.platform.internal.NoJtaPlatform]
2022-04-02 15:40:30,854 INFO org.springframework.orm.jpa.AbstractEntityManagerFactoryBean [main] Initialized JPA EntityManagerFactory for persistence unit 'default'
2022-04-02 15:40:32,218 WARN org.springframework.boot.autoconfigure.orm.jpa.JpaBaseConfiguration$JpaWebConfiguration [main] spring.jpa.open-in-view is enabled by default. Therefore, database queries may be performed during view rendering. Explicitly configure spring.jpa.open-in-view to disable this warning
2022-04-02 15:40:32,505 INFO springfox.documentation.spring.web.PropertySourcedRequestMappingHandlerMapping [main] Mapped URL path [/v2/api-docs] onto method [springfox.documentation.swagger2.web.Swagger2Controller#getDocumentation(String, HttpServletRequest)]
2022-04-02 15:40:32,875 INFO org.apache.juli.logging.DirectJDKLog [main] Starting ProtocolHandler ["http-nio-8080"]
2022-04-02 15:40:32,963 INFO org.springframework.boot.web.embedded.tomcat.TomcatWebServer [main] Tomcat started on port(s): 8080 (http) with context path ''
2022-04-02 15:40:32,965 INFO springfox.documentation.spring.web.plugins.DocumentationPluginsBootstrapper [main] Context refreshed
2022-04-02 15:40:33,005 INFO springfox.documentation.spring.web.plugins.DocumentationPluginsBootstrapper [main] Found 1 custom documentation plugin(s)
2022-04-02 15:40:33,058 INFO springfox.documentation.spring.web.scanners.ApiListingReferenceScanner [main] Scanning for api listing references
2022-04-02 15:40:33,283 INFO springfox.documentation.spring.web.readers.operation.CachingOperationNameGenerator [main] Generating unique operation named: deleteCourseUsingDELETE_1
2022-04-02 15:40:33,359 INFO springfox.documentation.spring.web.readers.operation.CachingOperationNameGenerator [main] Generating unique operation named: addUsingPOST_1
2022-04-02 15:40:33,393 INFO springfox.documentation.spring.web.readers.operation.CachingOperationNameGenerator [main] Generating unique operation named: getAllUsingGET_1
2022-04-02 15:40:33,437 INFO springfox.documentation.spring.web.readers.operation.CachingOperationNameGenerator [main] Generating unique operation named: addUsingPOST_2
2022-04-02 15:40:33,479 INFO org.springframework.boot.StartupInfoLogger [main] Started AdmisssionApplication in 8.32 seconds (JVM running for 8.868)
2022-04-02 15:43:15,874 INFO org.apache.juli.logging.DirectJDKLog [http-nio-8080-exec-1] Initializing Spring DispatcherServlet 'dispatcherServlet'
2022-04-02 15:43:15,875 INFO org.springframework.web.servlet.FrameworkServlet [http-nio-8080-exec-1] Initializing Servlet 'dispatcherServlet'
2022-04-02 15:43:15,877 INFO org.springframework.web.servlet.FrameworkServlet [http-nio-8080-exec-1] Completed initialization in 1 ms
2022-04-02 15:43:16,122 INFO com.diploma.admisssion.controller.UserContoller [http-nio-8080-exec-2] Logged in with: shailesh.karthik16@gmail.com
2022-04-02 15:43:42,816 INFO com.diploma.admisssion.controller.UserContoller [http-nio-8080-exec-10] Logged in with: karthik@gmail.com
2022-04-02 15:43:49,456 INFO com.diploma.admisssion.controller.AdmissionController [http-nio-8080-exec-5] Admissions [academicYear=2022-24, adminName=Kartik, admissionid=52, admissionstatus=Denied, instituteName=RMK College, regid=107, title=DIPLOMA IN FRENCH, useremail=shailesh.karthik16@gmail.com, username=Shailesh Karthik]
2022-04-02 15:46:00,363 INFO com.diploma.admisssion.controller.UserContoller [http-nio-8080-exec-6] Logged in with: shailesh.karthik16@gmail.com
2022-04-02 15:46:25,466 INFO com.diploma.admisssion.controller.UserContoller [http-nio-8080-exec-3] Logged in with: karthik@gmail.com
2022-04-02 15:46:31,386 INFO com.diploma.admisssion.controller.AdmissionController [http-nio-8080-exec-8] Admissions [academicYear=2022-24, adminName=Kartik, admissionid=53, admissionstatus=Denied, instituteName=RMK College, regid=108, title=DIPLOMA IN GERMAN, useremail=shailesh.karthik16@gmail.com, username=Shailesh Karthik]
2022-04-02 15:50:10,337 INFO com.diploma.admisssion.controller.UserContoller [http-nio-8080-exec-4] Logged in with: shailesh.karthik16@gmail.com
2022-04-02 15:50:31,143 ERROR com.diploma.admisssion.exceptions.CustomGlobalExceptionHandler [http-nio-8080-exec-8] Error
com.diploma.admisssion.exceptions.InvalidUserException: Inavlid Login Credentials
	at com.diploma.admisssion.service.UserServiceImpl.loginUser(UserServiceImpl.java:53)
	at com.diploma.admisssion.controller.UserContoller.login(UserContoller.java:47)
	at java.base/jdk.internal.reflect.NativeMethodAccessorImpl.invoke0(Native Method)
	at java.base/jdk.internal.reflect.NativeMethodAccessorImpl.invoke(Unknown Source)
	at java.base/jdk.internal.reflect.DelegatingMethodAccessorImpl.invoke(Unknown Source)
	at java.base/java.lang.reflect.Method.invoke(Unknown Source)
	at org.springframework.web.method.support.InvocableHandlerMethod.doInvoke(InvocableHandlerMethod.java:205)
	at org.springframework.web.method.support.InvocableHandlerMethod.invokeForRequest(InvocableHandlerMethod.java:150)
	at org.springframework.web.servlet.mvc.method.annotation.ServletInvocableHandlerMethod.invokeAndHandle(ServletInvocableHandlerMethod.java:117)
	at org.springframework.web.servlet.mvc.method.annotation.RequestMappingHandlerAdapter.invokeHandlerMethod(RequestMappingHandlerAdapter.java:895)
	at org.springframework.web.servlet.mvc.method.annotation.RequestMappingHandlerAdapter.handleInternal(RequestMappingHandlerAdapter.java:808)
	at org.springframework.web.servlet.mvc.method.AbstractHandlerMethodAdapter.handle(AbstractHandlerMethodAdapter.java:87)
	at org.springframework.web.servlet.DispatcherServlet.doDispatch(DispatcherServlet.java:1067)
	at org.springframework.web.servlet.DispatcherServlet.doService(DispatcherServlet.java:963)
	at org.springframework.web.servlet.FrameworkServlet.processRequest(FrameworkServlet.java:1006)
	at org.springframework.web.servlet.FrameworkServlet.doPost(FrameworkServlet.java:909)
	at javax.servlet.http.HttpServlet.service(HttpServlet.java:681)
	at org.springframework.web.servlet.FrameworkServlet.service(FrameworkServlet.java:883)
	at javax.servlet.http.HttpServlet.service(HttpServlet.java:764)
	at org.apache.catalina.core.ApplicationFilterChain.internalDoFilter(ApplicationFilterChain.java:227)
	at org.apache.catalina.core.ApplicationFilterChain.doFilter(ApplicationFilterChain.java:162)
	at org.apache.tomcat.websocket.server.WsFilter.doFilter(WsFilter.java:53)
	at org.apache.catalina.core.ApplicationFilterChain.internalDoFilter(ApplicationFilterChain.java:189)
	at org.apache.catalina.core.ApplicationFilterChain.doFilter(ApplicationFilterChain.java:162)
	at org.springframework.web.filter.RequestContextFilter.doFilterInternal(RequestContextFilter.java:100)
	at org.springframework.web.filter.OncePerRequestFilter.doFilter(OncePerRequestFilter.java:117)
	at org.apache.catalina.core.ApplicationFilterChain.internalDoFilter(ApplicationFilterChain.java:189)
	at org.apache.catalina.core.ApplicationFilterChain.doFilter(ApplicationFilterChain.java:162)
	at org.springframework.web.filter.FormContentFilter.doFilterInternal(FormContentFilter.java:93)
	at org.springframework.web.filter.OncePerRequestFilter.doFilter(OncePerRequestFilter.java:117)
	at org.apache.catalina.core.ApplicationFilterChain.internalDoFilter(ApplicationFilterChain.java:189)
	at org.apache.catalina.core.ApplicationFilterChain.doFilter(ApplicationFilterChain.java:162)
	at org.springframework.web.filter.CharacterEncodingFilter.doFilterInternal(CharacterEncodingFilter.java:201)
	at org.springframework.web.filter.OncePerRequestFilter.doFilter(OncePerRequestFilter.java:117)
	at org.apache.catalina.core.ApplicationFilterChain.internalDoFilter(ApplicationFilterChain.java:189)
	at org.apache.catalina.core.ApplicationFilterChain.doFilter(ApplicationFilterChain.java:162)
	at org.apache.catalina.core.StandardWrapperValve.invoke(StandardWrapperValve.java:197)
	at org.apache.catalina.core.StandardContextValve.invoke(StandardContextValve.java:97)
	at org.apache.catalina.authenticator.AuthenticatorBase.invoke(AuthenticatorBase.java:540)
	at org.apache.catalina.core.StandardHostValve.invoke(StandardHostValve.java:135)
	at org.apache.catalina.valves.ErrorReportValve.invoke(ErrorReportValve.java:92)
	at org.apache.catalina.core.StandardEngineValve.invoke(StandardEngineValve.java:78)
	at org.apache.catalina.connector.CoyoteAdapter.service(CoyoteAdapter.java:359)
	at org.apache.coyote.http11.Http11Processor.service(Http11Processor.java:399)
	at org.apache.coyote.AbstractProcessorLight.process(AbstractProcessorLight.java:65)
	at org.apache.coyote.AbstractProtocol$ConnectionHandler.process(AbstractProtocol.java:889)
	at org.apache.tomcat.util.net.NioEndpoint$SocketProcessor.doRun(NioEndpoint.java:1735)
	at org.apache.tomcat.util.net.SocketProcessorBase.run(SocketProcessorBase.java:49)
	at org.apache.tomcat.util.threads.ThreadPoolExecutor.runWorker(ThreadPoolExecutor.java:1191)
	at org.apache.tomcat.util.threads.ThreadPoolExecutor$Worker.run(ThreadPoolExecutor.java:659)
	at org.apache.tomcat.util.threads.TaskThread$WrappingRunnable.run(TaskThread.java:61)
	at java.base/java.lang.Thread.run(Unknown Source)
2022-04-02 15:50:41,720 INFO com.diploma.admisssion.controller.UserContoller [http-nio-8080-exec-9] Logged in with: karthik@gmail.com
2022-04-02 15:50:45,878 INFO com.diploma.admisssion.controller.AdmissionController [http-nio-8080-exec-1] Admissions [academicYear=2022-25, adminName=Kartik, admissionid=54, admissionstatus=Denied, instituteName=PKV College, regid=109, title=DIPLOMA IN PHYSIOTHERAPY [DPT], useremail=shailesh.karthik16@gmail.com, username=Shailesh Karthik]
2022-04-02 15:52:14,231 INFO com.diploma.admisssion.controller.UserContoller [http-nio-8080-exec-6] Logged in with: shailesh.karthik16@gmail.com
2022-04-02 15:52:41,800 INFO com.diploma.admisssion.controller.UserContoller [http-nio-8080-exec-2] Logged in with: karthik@gmail.com
2022-04-02 15:52:45,630 INFO com.diploma.admisssion.controller.AdmissionController [http-nio-8080-exec-7] Admissions [academicYear=2022-25, adminName=Kartik, admissionid=55, admissionstatus=Denied, instituteName=PKV College, regid=110, title=DIPLOMA IN PHYSIOTHERAPY [DPT], useremail=shailesh.karthik16@gmail.com, username=Shailesh Karthik]
2022-04-02 17:04:50,545 INFO com.diploma.admisssion.controller.UserContoller [http-nio-8080-exec-8] Logged in with: karthik@gmail.com
2022-04-02 17:08:00,943 INFO com.diploma.admisssion.controller.UserContoller [http-nio-8080-exec-9] Logged in with: karthik@gmail.com
2022-04-02 17:08:41,720 INFO com.diploma.admisssion.controller.UserContoller [http-nio-8080-exec-10] Logged in with: shailesh.karthik16@gmail.com
2022-04-02 17:11:05,176 INFO com.diploma.admisssion.controller.UserContoller [http-nio-8080-exec-5] User [confirmpwd=cGFzc3dvcmQ=, email=vikram12@gmail.com, mobno=9856756323, name=Vikram, pwd=cGFzc3dvcmQ=, user_type=2, userid=7]
2022-04-02 17:11:25,148 INFO com.diploma.admisssion.controller.UserContoller [http-nio-8080-exec-6] Logged in with: vikram12@gmail.com
2022-04-02 17:12:17,172 INFO com.diploma.admisssion.controller.UserContoller [http-nio-8080-exec-7] Logged in with: karthik@gmail.com
2022-04-02 17:16:38,952 INFO com.diploma.admisssion.controller.UserContoller [http-nio-8080-exec-3] Logged in with: shailesh.karthik16@gmail.com
2022-04-02 17:55:54,356 WARN com.zaxxer.hikari.pool.HikariPool$HouseKeeper [HikariPool-1 housekeeper] HikariPool-1 - Thread starvation or clock leap detected (housekeeper delta=13m22s230ms309µs200ns).
2022-04-02 18:04:16,043 INFO org.springframework.orm.jpa.AbstractEntityManagerFactoryBean [SpringApplicationShutdownHook] Closing JPA EntityManagerFactory for persistence unit 'default'
2022-04-02 18:04:16,070 INFO com.zaxxer.hikari.HikariDataSource [SpringApplicationShutdownHook] HikariPool-1 - Shutdown initiated...
2022-04-02 18:04:16,078 INFO com.zaxxer.hikari.HikariDataSource [SpringApplicationShutdownHook] HikariPool-1 - Shutdown completed.
2022-04-02 20:18:43,764 INFO org.springframework.boot.StartupInfoLogger [main] Starting AdmisssionApplication using Java 17.0.2 on DESKTOP-QQKQL13 with PID 21272 (D:\Shailesh\Virtusa\Virtusa Project\springapp\target\classes started by Shailesh in D:\Shailesh\Virtusa\Virtusa Project)
2022-04-02 20:18:43,806 DEBUG org.springframework.boot.StartupInfoLogger [main] Running with Spring Boot v2.6.4, Spring v5.3.16
2022-04-02 20:18:43,810 INFO org.springframework.boot.SpringApplication [main] No active profile set, falling back to 1 default profile: "default"
2022-04-02 20:18:44,808 INFO org.springframework.data.repository.config.RepositoryConfigurationDelegate [main] Bootstrapping Spring Data JPA repositories in DEFAULT mode.
2022-04-02 20:18:44,924 INFO org.springframework.data.repository.config.RepositoryConfigurationDelegate [main] Finished Spring Data repository scanning in 85 ms. Found 6 JPA repository interfaces.
2022-04-02 20:18:45,756 INFO org.springframework.boot.web.embedded.tomcat.TomcatWebServer [main] Tomcat initialized with port(s): 8080 (http)
2022-04-02 20:18:45,770 INFO org.apache.juli.logging.DirectJDKLog [main] Initializing ProtocolHandler ["http-nio-8080"]
2022-04-02 20:18:45,770 INFO org.apache.juli.logging.DirectJDKLog [main] Starting service [Tomcat]
2022-04-02 20:18:45,781 INFO org.apache.juli.logging.DirectJDKLog [main] Starting Servlet engine: [Apache Tomcat/9.0.58]
2022-04-02 20:18:45,856 INFO org.apache.juli.logging.DirectJDKLog [main] Initializing Spring embedded WebApplicationContext
2022-04-02 20:18:45,869 INFO org.springframework.boot.web.servlet.context.ServletWebServerApplicationContext [main] Root WebApplicationContext: initialization completed in 2009 ms
2022-04-02 20:18:46,132 INFO org.hibernate.jpa.internal.util.LogHelper [main] HHH000204: Processing PersistenceUnitInfo [name: default]
2022-04-02 20:18:46,196 INFO org.hibernate.Version [main] HHH000412: Hibernate ORM core version 5.6.5.Final
2022-04-02 20:18:46,396 INFO org.hibernate.annotations.common.reflection.java.JavaReflectionManager [main] HCANN000001: Hibernate Commons Annotations {5.1.2.Final}
2022-04-02 20:18:46,509 INFO com.zaxxer.hikari.HikariDataSource [main] HikariPool-1 - Starting...
2022-04-02 20:18:46,686 INFO com.zaxxer.hikari.HikariDataSource [main] HikariPool-1 - Start completed.
2022-04-02 20:18:46,709 INFO org.hibernate.dialect.Dialect [main] HHH000400: Using dialect: org.hibernate.dialect.MySQL5Dialect
2022-04-02 20:18:47,563 INFO org.hibernate.engine.transaction.jta.platform.internal.JtaPlatformInitiator [main] HHH000490: Using JtaPlatform implementation: [org.hibernate.engine.transaction.jta.platform.internal.NoJtaPlatform]
2022-04-02 20:18:47,571 INFO org.springframework.orm.jpa.AbstractEntityManagerFactoryBean [main] Initialized JPA EntityManagerFactory for persistence unit 'default'
2022-04-02 20:18:48,989 WARN org.springframework.boot.autoconfigure.orm.jpa.JpaBaseConfiguration$JpaWebConfiguration [main] spring.jpa.open-in-view is enabled by default. Therefore, database queries may be performed during view rendering. Explicitly configure spring.jpa.open-in-view to disable this warning
2022-04-02 20:18:49,273 INFO springfox.documentation.spring.web.PropertySourcedRequestMappingHandlerMapping [main] Mapped URL path [/v2/api-docs] onto method [springfox.documentation.swagger2.web.Swagger2Controller#getDocumentation(String, HttpServletRequest)]
2022-04-02 20:18:49,729 INFO org.apache.juli.logging.DirectJDKLog [main] Starting ProtocolHandler ["http-nio-8080"]
2022-04-02 20:18:49,801 INFO org.springframework.boot.web.embedded.tomcat.TomcatWebServer [main] Tomcat started on port(s): 8080 (http) with context path ''
2022-04-02 20:18:49,809 INFO springfox.documentation.spring.web.plugins.DocumentationPluginsBootstrapper [main] Context refreshed
2022-04-02 20:18:49,831 INFO springfox.documentation.spring.web.plugins.DocumentationPluginsBootstrapper [main] Found 1 custom documentation plugin(s)
2022-04-02 20:18:49,857 INFO springfox.documentation.spring.web.scanners.ApiListingReferenceScanner [main] Scanning for api listing references
2022-04-02 20:18:50,038 INFO springfox.documentation.spring.web.readers.operation.CachingOperationNameGenerator [main] Generating unique operation named: deleteCourseUsingDELETE_1
2022-04-02 20:18:50,114 INFO springfox.documentation.spring.web.readers.operation.CachingOperationNameGenerator [main] Generating unique operation named: addUsingPOST_1
2022-04-02 20:18:50,132 INFO springfox.documentation.spring.web.readers.operation.CachingOperationNameGenerator [main] Generating unique operation named: getAllUsingGET_1
2022-04-02 20:18:50,157 INFO springfox.documentation.spring.web.readers.operation.CachingOperationNameGenerator [main] Generating unique operation named: addUsingPOST_2
2022-04-02 20:18:50,183 INFO org.springframework.boot.StartupInfoLogger [main] Started AdmisssionApplication in 6.872 seconds (JVM running for 7.317)
2022-04-02 20:20:21,522 INFO org.apache.juli.logging.DirectJDKLog [http-nio-8080-exec-1] Initializing Spring DispatcherServlet 'dispatcherServlet'
2022-04-02 20:20:21,523 INFO org.springframework.web.servlet.FrameworkServlet [http-nio-8080-exec-1] Initializing Servlet 'dispatcherServlet'
2022-04-02 20:20:21,527 INFO org.springframework.web.servlet.FrameworkServlet [http-nio-8080-exec-1] Completed initialization in 3 ms
2022-04-02 20:20:21,765 INFO com.diploma.admisssion.controller.UserContoller [http-nio-8080-exec-2] Logged in with: karthik@gmail.com
2022-04-02 20:31:51,447 INFO com.diploma.admisssion.controller.AdmissionController [http-nio-8080-exec-7] Admissions [academicYear=2022-24, adminName=Kartik, admissionid=56, admissionstatus=Granted, instituteName=PQW College, regid=111, title=DIPLOMA IN ELECTRONICS AND COMMUNICATION ENGINEERING, useremail=shailesh.karthik16@gmail.com, username=Shailesh Karthik]
2022-04-02 20:33:45,454 INFO com.diploma.admisssion.controller.UserContoller [http-nio-8080-exec-6] Logged in with: shailesh.karthik16@gmail.com
2022-04-02 20:34:09,684 INFO com.diploma.admisssion.controller.UserContoller [http-nio-8080-exec-7] Logged in with: karthik@gmail.com
2022-04-02 20:34:17,064 INFO com.diploma.admisssion.controller.AdmissionController [http-nio-8080-exec-6] Admissions [academicYear=2022-24, adminName=Kartik, admissionid=57, admissionstatus=Denied, instituteName=RMK College, regid=112, title=DIPLOMA IN FRENCH, useremail=shailesh.karthik16@gmail.com, username=Shailesh Karthik]
2022-04-02 20:35:10,683 INFO com.diploma.admisssion.controller.UserContoller [http-nio-8080-exec-10] Logged in with: shailesh.karthik16@gmail.com
2022-04-02 20:35:36,534 INFO com.diploma.admisssion.controller.UserContoller [http-nio-8080-exec-8] Logged in with: karthik@gmail.com
2022-04-02 20:35:41,927 INFO com.diploma.admisssion.controller.AdmissionController [http-nio-8080-exec-9] Admissions [academicYear=2022-24, adminName=Kartik, admissionid=58, admissionstatus=Denied, instituteName=RMK College, regid=113, title=DIPLOMA IN GERMAN, useremail=shailesh.karthik16@gmail.com, username=Shailesh Karthik]
2022-04-02 20:42:46,648 INFO com.diploma.admisssion.controller.UserContoller [http-nio-8080-exec-2] Logged in with: shailesh.karthik16@gmail.com
2022-04-02 20:51:34,841 INFO com.diploma.admisssion.controller.InstituteController [http-nio-8080-exec-7] UserRatings [email=shailesh.karthik16@gmail.com, institutename=SK Institute, name=Shailesh Karthik, rating=3.5, ratingId=37, review=SMK College is renowned for good placement opportunities.]
2022-04-02 20:52:31,789 INFO com.diploma.admisssion.controller.InstituteController [http-nio-8080-exec-9] UserRatings [email=shailesh.karthik16@gmail.com, institutename=SK Institute, name=Shailesh Karthik, rating=4.0, ratingId=38, review=Good for teaching]
2022-04-02 21:09:46,944 INFO org.springframework.orm.jpa.AbstractEntityManagerFactoryBean [SpringApplicationShutdownHook] Closing JPA EntityManagerFactory for persistence unit 'default'
2022-04-02 21:09:46,962 INFO com.zaxxer.hikari.HikariDataSource [SpringApplicationShutdownHook] HikariPool-1 - Shutdown initiated...
2022-04-02 21:09:46,969 INFO com.zaxxer.hikari.HikariDataSource [SpringApplicationShutdownHook] HikariPool-1 - Shutdown completed.
