2022-03-25 15:39:12,893 INFO org.springframework.boot.StartupInfoLogger [main] Starting AdmisssionApplication using Java 14.0.1 on DESKTOP-QQKQL13 with PID 1840 (D:\Shailesh\Virtusa\Virtusa Project\springapp\target\classes started by Shailesh in D:\Shailesh\Virtusa\Virtusa Project)
2022-03-25 15:39:13,025 DEBUG org.springframework.boot.StartupInfoLogger [main] Running with Spring Boot v2.6.3, Spring v5.3.15
2022-03-25 15:39:13,026 INFO org.springframework.boot.SpringApplication [main] No active profile set, falling back to default profiles: default
2022-03-25 15:39:14,273 INFO org.springframework.data.repository.config.RepositoryConfigurationDelegate [main] Bootstrapping Spring Data JPA repositories in DEFAULT mode.
2022-03-25 15:39:14,425 INFO org.springframework.data.repository.config.RepositoryConfigurationDelegate [main] Finished Spring Data repository scanning in 112 ms. Found 5 JPA repository interfaces.
2022-03-25 15:39:15,238 INFO org.springframework.boot.web.embedded.tomcat.TomcatWebServer [main] Tomcat initialized with port(s): 8080 (http)
2022-03-25 15:39:15,257 INFO org.apache.juli.logging.DirectJDKLog [main] Initializing ProtocolHandler ["http-nio-8080"]
2022-03-25 15:39:15,257 INFO org.apache.juli.logging.DirectJDKLog [main] Starting service [Tomcat]
2022-03-25 15:39:15,257 INFO org.apache.juli.logging.DirectJDKLog [main] Starting Servlet engine: [Apache Tomcat/9.0.56]
2022-03-25 15:39:15,413 INFO org.apache.juli.logging.DirectJDKLog [main] Initializing Spring embedded WebApplicationContext
2022-03-25 15:39:15,413 INFO org.springframework.boot.web.servlet.context.ServletWebServerApplicationContext [main] Root WebApplicationContext: initialization completed in 2312 ms
2022-03-25 15:39:15,690 INFO org.hibernate.jpa.internal.util.LogHelper [main] HHH000204: Processing PersistenceUnitInfo [name: default]
2022-03-25 15:39:15,746 INFO org.hibernate.Version [main] HHH000412: Hibernate ORM core version 5.6.4.Final
2022-03-25 15:39:15,905 INFO org.hibernate.annotations.common.reflection.java.JavaReflectionManager [main] HCANN000001: Hibernate Commons Annotations {5.1.2.Final}
2022-03-25 15:39:16,011 INFO com.zaxxer.hikari.HikariDataSource [main] HikariPool-1 - Starting...
2022-03-25 15:39:16,231 INFO com.zaxxer.hikari.HikariDataSource [main] HikariPool-1 - Start completed.
2022-03-25 15:39:16,251 INFO org.hibernate.dialect.Dialect [main] HHH000400: Using dialect: org.hibernate.dialect.MySQL5Dialect
2022-03-25 15:39:17,087 INFO org.hibernate.engine.transaction.jta.platform.internal.JtaPlatformInitiator [main] HHH000490: Using JtaPlatform implementation: [org.hibernate.engine.transaction.jta.platform.internal.NoJtaPlatform]
2022-03-25 15:39:17,104 INFO org.springframework.orm.jpa.AbstractEntityManagerFactoryBean [main] Initialized JPA EntityManagerFactory for persistence unit 'default'
2022-03-25 15:39:18,344 WARN org.springframework.boot.autoconfigure.orm.jpa.JpaBaseConfiguration$JpaWebConfiguration [main] spring.jpa.open-in-view is enabled by default. Therefore, database queries may be performed during view rendering. Explicitly configure spring.jpa.open-in-view to disable this warning
2022-03-25 15:39:18,640 INFO springfox.documentation.spring.web.PropertySourcedRequestMappingHandlerMapping [main] Mapped URL path [/v2/api-docs] onto method [springfox.documentation.swagger2.web.Swagger2Controller#getDocumentation(String, HttpServletRequest)]
2022-03-25 15:39:19,175 INFO org.apache.juli.logging.DirectJDKLog [main] Starting ProtocolHandler ["http-nio-8080"]
2022-03-25 15:39:19,249 INFO org.springframework.boot.web.embedded.tomcat.TomcatWebServer [main] Tomcat started on port(s): 8080 (http) with context path ''
2022-03-25 15:39:19,251 INFO springfox.documentation.spring.web.plugins.DocumentationPluginsBootstrapper [main] Context refreshed
2022-03-25 15:39:19,349 INFO springfox.documentation.spring.web.plugins.DocumentationPluginsBootstrapper [main] Found 1 custom documentation plugin(s)
2022-03-25 15:39:19,462 INFO springfox.documentation.spring.web.scanners.ApiListingReferenceScanner [main] Scanning for api listing references
2022-03-25 15:39:19,728 INFO springfox.documentation.spring.web.readers.operation.CachingOperationNameGenerator [main] Generating unique operation named: deleteCourseUsingDELETE_1
2022-03-25 15:39:19,807 INFO springfox.documentation.spring.web.readers.operation.CachingOperationNameGenerator [main] Generating unique operation named: getAllUsingGET_1
2022-03-25 15:39:19,864 INFO springfox.documentation.spring.web.readers.operation.CachingOperationNameGenerator [main] Generating unique operation named: addUsingPOST_1
2022-03-25 15:39:19,913 INFO org.springframework.boot.StartupInfoLogger [main] Started AdmisssionApplication in 7.595 seconds (JVM running for 8.07)
2022-03-25 15:41:51,079 INFO org.apache.juli.logging.DirectJDKLog [http-nio-8080-exec-1] Initializing Spring DispatcherServlet 'dispatcherServlet'
2022-03-25 15:41:51,080 INFO org.springframework.web.servlet.FrameworkServlet [http-nio-8080-exec-1] Initializing Servlet 'dispatcherServlet'
2022-03-25 15:41:51,083 INFO org.springframework.web.servlet.FrameworkServlet [http-nio-8080-exec-1] Completed initialization in 2 ms
2022-03-25 15:41:51,569 INFO com.diploma.admisssion.controller.UserContoller [http-nio-8080-exec-2] Logged in with: shailesh@gmail.com
2022-03-25 17:08:41,444 INFO com.diploma.admisssion.controller.UserContoller [http-nio-8080-exec-9] Logged in with: shailesh@gmail.com
2022-03-25 17:11:02,391 INFO com.diploma.admisssion.controller.UserContoller [http-nio-8080-exec-1] Logged in with: shailesh@gmail.com
2022-03-25 17:11:31,214 INFO com.diploma.admisssion.controller.UserContoller [http-nio-8080-exec-6] Logged in with: shailesh@gmail.com
2022-03-25 17:13:27,244 INFO com.diploma.admisssion.controller.InstituteController [http-nio-8080-exec-6] UserRatings [email=shailesh@gmail.com, rating=3.0, ratingId=14, review=Good College]
2022-03-25 17:14:51,864 INFO com.diploma.admisssion.controller.UserContoller [http-nio-8080-exec-4] Logged in with: shailesh@gmail.com
2022-03-25 17:17:39,623 INFO org.springframework.boot.StartupInfoLogger [main] Starting AdmisssionApplication using Java 14.0.1 on DESKTOP-QQKQL13 with PID 7100 (D:\Shailesh\Virtusa\Virtusa Project\springapp\target\classes started by Shailesh in D:\Shailesh\Virtusa\Virtusa Project)
2022-03-25 17:17:39,627 DEBUG org.springframework.boot.StartupInfoLogger [main] Running with Spring Boot v2.6.3, Spring v5.3.15
2022-03-25 17:17:39,628 INFO org.springframework.boot.SpringApplication [main] No active profile set, falling back to default profiles: default
2022-03-25 17:17:40,643 INFO org.springframework.data.repository.config.RepositoryConfigurationDelegate [main] Bootstrapping Spring Data JPA repositories in DEFAULT mode.
2022-03-25 17:17:40,738 INFO org.springframework.data.repository.config.RepositoryConfigurationDelegate [main] Finished Spring Data repository scanning in 69 ms. Found 5 JPA repository interfaces.
2022-03-25 17:17:41,602 INFO org.springframework.boot.web.embedded.tomcat.TomcatWebServer [main] Tomcat initialized with port(s): 8080 (http)
2022-03-25 17:17:41,629 INFO org.apache.juli.logging.DirectJDKLog [main] Initializing ProtocolHandler ["http-nio-8080"]
2022-03-25 17:17:41,629 INFO org.apache.juli.logging.DirectJDKLog [main] Starting service [Tomcat]
2022-03-25 17:17:41,634 INFO org.apache.juli.logging.DirectJDKLog [main] Starting Servlet engine: [Apache Tomcat/9.0.56]
2022-03-25 17:17:41,785 INFO org.apache.juli.logging.DirectJDKLog [main] Initializing Spring embedded WebApplicationContext
2022-03-25 17:17:41,785 INFO org.springframework.boot.web.servlet.context.ServletWebServerApplicationContext [main] Root WebApplicationContext: initialization completed in 2082 ms
2022-03-25 17:17:42,056 INFO org.hibernate.jpa.internal.util.LogHelper [main] HHH000204: Processing PersistenceUnitInfo [name: default]
2022-03-25 17:17:42,126 INFO org.hibernate.Version [main] HHH000412: Hibernate ORM core version 5.6.4.Final
2022-03-25 17:17:42,310 INFO org.hibernate.annotations.common.reflection.java.JavaReflectionManager [main] HCANN000001: Hibernate Commons Annotations {5.1.2.Final}
2022-03-25 17:17:42,428 INFO com.zaxxer.hikari.HikariDataSource [main] HikariPool-1 - Starting...
2022-03-25 17:17:42,604 INFO com.zaxxer.hikari.HikariDataSource [main] HikariPool-1 - Start completed.
2022-03-25 17:17:42,652 INFO org.hibernate.dialect.Dialect [main] HHH000400: Using dialect: org.hibernate.dialect.MySQL5Dialect
2022-03-25 17:17:43,543 INFO org.hibernate.engine.transaction.jta.platform.internal.JtaPlatformInitiator [main] HHH000490: Using JtaPlatform implementation: [org.hibernate.engine.transaction.jta.platform.internal.NoJtaPlatform]
2022-03-25 17:17:43,564 INFO org.springframework.orm.jpa.AbstractEntityManagerFactoryBean [main] Initialized JPA EntityManagerFactory for persistence unit 'default'
2022-03-25 17:17:44,910 WARN org.springframework.boot.autoconfigure.orm.jpa.JpaBaseConfiguration$JpaWebConfiguration [main] spring.jpa.open-in-view is enabled by default. Therefore, database queries may be performed during view rendering. Explicitly configure spring.jpa.open-in-view to disable this warning
2022-03-25 17:17:45,237 INFO springfox.documentation.spring.web.PropertySourcedRequestMappingHandlerMapping [main] Mapped URL path [/v2/api-docs] onto method [springfox.documentation.swagger2.web.Swagger2Controller#getDocumentation(String, HttpServletRequest)]
2022-03-25 17:17:45,687 INFO org.apache.juli.logging.DirectJDKLog [main] Starting ProtocolHandler ["http-nio-8080"]
2022-03-25 17:17:45,730 INFO org.springframework.boot.web.embedded.tomcat.TomcatWebServer [main] Tomcat started on port(s): 8080 (http) with context path ''
2022-03-25 17:17:45,732 INFO springfox.documentation.spring.web.plugins.DocumentationPluginsBootstrapper [main] Context refreshed
2022-03-25 17:17:45,773 INFO springfox.documentation.spring.web.plugins.DocumentationPluginsBootstrapper [main] Found 1 custom documentation plugin(s)
2022-03-25 17:17:45,840 INFO springfox.documentation.spring.web.scanners.ApiListingReferenceScanner [main] Scanning for api listing references
2022-03-25 17:17:46,035 INFO springfox.documentation.spring.web.readers.operation.CachingOperationNameGenerator [main] Generating unique operation named: deleteCourseUsingDELETE_1
2022-03-25 17:17:46,095 INFO springfox.documentation.spring.web.readers.operation.CachingOperationNameGenerator [main] Generating unique operation named: getAllUsingGET_1
2022-03-25 17:17:46,133 INFO springfox.documentation.spring.web.readers.operation.CachingOperationNameGenerator [main] Generating unique operation named: addUsingPOST_1
2022-03-25 17:17:46,158 INFO org.springframework.boot.StartupInfoLogger [main] Started AdmisssionApplication in 7.04 seconds (JVM running for 7.489)
2022-03-25 17:17:51,029 INFO org.apache.juli.logging.DirectJDKLog [http-nio-8080-exec-1] Initializing Spring DispatcherServlet 'dispatcherServlet'
2022-03-25 17:17:51,030 INFO org.springframework.web.servlet.FrameworkServlet [http-nio-8080-exec-1] Initializing Servlet 'dispatcherServlet'
2022-03-25 17:17:51,033 INFO org.springframework.web.servlet.FrameworkServlet [http-nio-8080-exec-1] Completed initialization in 2 ms
2022-03-25 17:19:50,911 INFO com.diploma.admisssion.controller.UserContoller [http-nio-8080-exec-3] Logged in with: shailesh@gmail.com
2022-03-25 17:25:53,393 INFO org.springframework.boot.StartupInfoLogger [main] Starting AdmisssionApplication using Java 14.0.1 on DESKTOP-QQKQL13 with PID 9372 (D:\Shailesh\Virtusa\Virtusa Project\springapp\target\classes started by Shailesh in D:\Shailesh\Virtusa\Virtusa Project)
2022-03-25 17:25:53,397 DEBUG org.springframework.boot.StartupInfoLogger [main] Running with Spring Boot v2.6.3, Spring v5.3.15
2022-03-25 17:25:53,398 INFO org.springframework.boot.SpringApplication [main] No active profile set, falling back to default profiles: default
2022-03-25 17:25:54,456 INFO org.springframework.data.repository.config.RepositoryConfigurationDelegate [main] Bootstrapping Spring Data JPA repositories in DEFAULT mode.
2022-03-25 17:25:54,556 INFO org.springframework.data.repository.config.RepositoryConfigurationDelegate [main] Finished Spring Data repository scanning in 77 ms. Found 5 JPA repository interfaces.
2022-03-25 17:25:55,319 INFO org.springframework.boot.web.embedded.tomcat.TomcatWebServer [main] Tomcat initialized with port(s): 8080 (http)
2022-03-25 17:25:55,336 INFO org.apache.juli.logging.DirectJDKLog [main] Initializing ProtocolHandler ["http-nio-8080"]
2022-03-25 17:25:55,336 INFO org.apache.juli.logging.DirectJDKLog [main] Starting service [Tomcat]
2022-03-25 17:25:55,350 INFO org.apache.juli.logging.DirectJDKLog [main] Starting Servlet engine: [Apache Tomcat/9.0.56]
2022-03-25 17:25:55,503 INFO org.apache.juli.logging.DirectJDKLog [main] Initializing Spring embedded WebApplicationContext
2022-03-25 17:25:55,503 INFO org.springframework.boot.web.servlet.context.ServletWebServerApplicationContext [main] Root WebApplicationContext: initialization completed in 2025 ms
2022-03-25 17:25:55,758 INFO org.hibernate.jpa.internal.util.LogHelper [main] HHH000204: Processing PersistenceUnitInfo [name: default]
2022-03-25 17:25:55,824 INFO org.hibernate.Version [main] HHH000412: Hibernate ORM core version 5.6.4.Final
2022-03-25 17:25:56,005 INFO org.hibernate.annotations.common.reflection.java.JavaReflectionManager [main] HCANN000001: Hibernate Commons Annotations {5.1.2.Final}
2022-03-25 17:25:56,121 INFO com.zaxxer.hikari.HikariDataSource [main] HikariPool-1 - Starting...
2022-03-25 17:25:56,286 INFO com.zaxxer.hikari.HikariDataSource [main] HikariPool-1 - Start completed.
2022-03-25 17:25:56,322 INFO org.hibernate.dialect.Dialect [main] HHH000400: Using dialect: org.hibernate.dialect.MySQL5Dialect
2022-03-25 17:25:57,169 INFO org.hibernate.engine.transaction.jta.platform.internal.JtaPlatformInitiator [main] HHH000490: Using JtaPlatform implementation: [org.hibernate.engine.transaction.jta.platform.internal.NoJtaPlatform]
2022-03-25 17:25:57,183 INFO org.springframework.orm.jpa.AbstractEntityManagerFactoryBean [main] Initialized JPA EntityManagerFactory for persistence unit 'default'
2022-03-25 17:25:58,396 WARN org.springframework.boot.autoconfigure.orm.jpa.JpaBaseConfiguration$JpaWebConfiguration [main] spring.jpa.open-in-view is enabled by default. Therefore, database queries may be performed during view rendering. Explicitly configure spring.jpa.open-in-view to disable this warning
2022-03-25 17:25:58,691 INFO springfox.documentation.spring.web.PropertySourcedRequestMappingHandlerMapping [main] Mapped URL path [/v2/api-docs] onto method [springfox.documentation.swagger2.web.Swagger2Controller#getDocumentation(String, HttpServletRequest)]
2022-03-25 17:25:59,161 INFO org.apache.juli.logging.DirectJDKLog [main] Starting ProtocolHandler ["http-nio-8080"]
2022-03-25 17:25:59,212 INFO org.springframework.boot.web.embedded.tomcat.TomcatWebServer [main] Tomcat started on port(s): 8080 (http) with context path ''
2022-03-25 17:25:59,214 INFO springfox.documentation.spring.web.plugins.DocumentationPluginsBootstrapper [main] Context refreshed
2022-03-25 17:25:59,266 INFO springfox.documentation.spring.web.plugins.DocumentationPluginsBootstrapper [main] Found 1 custom documentation plugin(s)
2022-03-25 17:25:59,317 INFO springfox.documentation.spring.web.scanners.ApiListingReferenceScanner [main] Scanning for api listing references
2022-03-25 17:25:59,483 INFO springfox.documentation.spring.web.readers.operation.CachingOperationNameGenerator [main] Generating unique operation named: deleteCourseUsingDELETE_1
2022-03-25 17:25:59,530 INFO springfox.documentation.spring.web.readers.operation.CachingOperationNameGenerator [main] Generating unique operation named: getAllUsingGET_1
2022-03-25 17:25:59,556 INFO springfox.documentation.spring.web.readers.operation.CachingOperationNameGenerator [main] Generating unique operation named: addUsingPOST_1
2022-03-25 17:25:59,580 INFO org.springframework.boot.StartupInfoLogger [main] Started AdmisssionApplication in 6.664 seconds (JVM running for 7.037)
2022-03-25 17:27:01,725 INFO org.apache.juli.logging.DirectJDKLog [http-nio-8080-exec-1] Initializing Spring DispatcherServlet 'dispatcherServlet'
2022-03-25 17:27:01,726 INFO org.springframework.web.servlet.FrameworkServlet [http-nio-8080-exec-1] Initializing Servlet 'dispatcherServlet'
2022-03-25 17:27:01,729 INFO org.springframework.web.servlet.FrameworkServlet [http-nio-8080-exec-1] Completed initialization in 1 ms
2022-03-25 17:27:02,093 INFO com.diploma.admisssion.controller.UserContoller [http-nio-8080-exec-2] Logged in with: shailesh@gmail.com
2022-03-25 17:34:56,636 INFO org.springframework.boot.StartupInfoLogger [main] Starting AdmisssionApplication using Java 14.0.1 on DESKTOP-QQKQL13 with PID 2836 (D:\Shailesh\Virtusa\Virtusa Project\springapp\target\classes started by Shailesh in D:\Shailesh\Virtusa\Virtusa Project)
2022-03-25 17:34:56,640 DEBUG org.springframework.boot.StartupInfoLogger [main] Running with Spring Boot v2.6.3, Spring v5.3.15
2022-03-25 17:34:56,642 INFO org.springframework.boot.SpringApplication [main] No active profile set, falling back to default profiles: default
2022-03-25 17:34:57,721 INFO org.springframework.data.repository.config.RepositoryConfigurationDelegate [main] Bootstrapping Spring Data JPA repositories in DEFAULT mode.
2022-03-25 17:34:57,823 INFO org.springframework.data.repository.config.RepositoryConfigurationDelegate [main] Finished Spring Data repository scanning in 71 ms. Found 5 JPA repository interfaces.
2022-03-25 17:34:58,551 INFO org.springframework.boot.web.embedded.tomcat.TomcatWebServer [main] Tomcat initialized with port(s): 8080 (http)
2022-03-25 17:34:58,595 INFO org.apache.juli.logging.DirectJDKLog [main] Initializing ProtocolHandler ["http-nio-8080"]
2022-03-25 17:34:58,597 INFO org.apache.juli.logging.DirectJDKLog [main] Starting service [Tomcat]
2022-03-25 17:34:58,599 INFO org.apache.juli.logging.DirectJDKLog [main] Starting Servlet engine: [Apache Tomcat/9.0.56]
2022-03-25 17:34:58,755 INFO org.apache.juli.logging.DirectJDKLog [main] Initializing Spring embedded WebApplicationContext
2022-03-25 17:34:58,756 INFO org.springframework.boot.web.servlet.context.ServletWebServerApplicationContext [main] Root WebApplicationContext: initialization completed in 2040 ms
2022-03-25 17:34:59,021 INFO org.hibernate.jpa.internal.util.LogHelper [main] HHH000204: Processing PersistenceUnitInfo [name: default]
2022-03-25 17:34:59,101 INFO org.hibernate.Version [main] HHH000412: Hibernate ORM core version 5.6.4.Final
2022-03-25 17:34:59,343 INFO org.hibernate.annotations.common.reflection.java.JavaReflectionManager [main] HCANN000001: Hibernate Commons Annotations {5.1.2.Final}
2022-03-25 17:34:59,483 INFO com.zaxxer.hikari.HikariDataSource [main] HikariPool-1 - Starting...
2022-03-25 17:34:59,669 INFO com.zaxxer.hikari.HikariDataSource [main] HikariPool-1 - Start completed.
2022-03-25 17:34:59,673 INFO org.hibernate.dialect.Dialect [main] HHH000400: Using dialect: org.hibernate.dialect.MySQL5Dialect
2022-03-25 17:35:00,563 INFO org.hibernate.engine.transaction.jta.platform.internal.JtaPlatformInitiator [main] HHH000490: Using JtaPlatform implementation: [org.hibernate.engine.transaction.jta.platform.internal.NoJtaPlatform]
2022-03-25 17:35:00,585 INFO org.springframework.orm.jpa.AbstractEntityManagerFactoryBean [main] Initialized JPA EntityManagerFactory for persistence unit 'default'
2022-03-25 17:35:01,874 WARN org.springframework.boot.autoconfigure.orm.jpa.JpaBaseConfiguration$JpaWebConfiguration [main] spring.jpa.open-in-view is enabled by default. Therefore, database queries may be performed during view rendering. Explicitly configure spring.jpa.open-in-view to disable this warning
2022-03-25 17:35:02,184 INFO springfox.documentation.spring.web.PropertySourcedRequestMappingHandlerMapping [main] Mapped URL path [/v2/api-docs] onto method [springfox.documentation.swagger2.web.Swagger2Controller#getDocumentation(String, HttpServletRequest)]
2022-03-25 17:35:02,622 INFO org.apache.juli.logging.DirectJDKLog [main] Starting ProtocolHandler ["http-nio-8080"]
2022-03-25 17:35:02,658 INFO org.springframework.boot.web.embedded.tomcat.TomcatWebServer [main] Tomcat started on port(s): 8080 (http) with context path ''
2022-03-25 17:35:02,661 INFO springfox.documentation.spring.web.plugins.DocumentationPluginsBootstrapper [main] Context refreshed
2022-03-25 17:35:02,701 INFO springfox.documentation.spring.web.plugins.DocumentationPluginsBootstrapper [main] Found 1 custom documentation plugin(s)
2022-03-25 17:35:02,802 INFO springfox.documentation.spring.web.scanners.ApiListingReferenceScanner [main] Scanning for api listing references
2022-03-25 17:35:02,921 INFO springfox.documentation.spring.web.readers.operation.CachingOperationNameGenerator [main] Generating unique operation named: deleteCourseUsingDELETE_1
2022-03-25 17:35:03,009 INFO springfox.documentation.spring.web.readers.operation.CachingOperationNameGenerator [main] Generating unique operation named: getAllUsingGET_1
2022-03-25 17:35:03,052 INFO springfox.documentation.spring.web.readers.operation.CachingOperationNameGenerator [main] Generating unique operation named: addUsingPOST_1
2022-03-25 17:35:03,093 INFO org.springframework.boot.StartupInfoLogger [main] Started AdmisssionApplication in 6.919 seconds (JVM running for 7.271)
2022-03-25 17:36:25,004 INFO org.apache.juli.logging.DirectJDKLog [http-nio-8080-exec-1] Initializing Spring DispatcherServlet 'dispatcherServlet'
2022-03-25 17:36:25,005 INFO org.springframework.web.servlet.FrameworkServlet [http-nio-8080-exec-1] Initializing Servlet 'dispatcherServlet'
2022-03-25 17:36:25,007 INFO org.springframework.web.servlet.FrameworkServlet [http-nio-8080-exec-1] Completed initialization in 1 ms
2022-03-25 17:36:25,354 INFO com.diploma.admisssion.controller.UserContoller [http-nio-8080-exec-2] Logged in with: shailesh@gmail.com
2022-03-25 17:40:59,389 INFO org.springframework.orm.jpa.AbstractEntityManagerFactoryBean [SpringApplicationShutdownHook] Closing JPA EntityManagerFactory for persistence unit 'default'
2022-03-25 17:40:59,398 INFO com.zaxxer.hikari.HikariDataSource [SpringApplicationShutdownHook] HikariPool-1 - Shutdown initiated...
2022-03-25 17:40:59,415 INFO com.zaxxer.hikari.HikariDataSource [SpringApplicationShutdownHook] HikariPool-1 - Shutdown completed.
2022-03-25 18:14:52,156 INFO org.springframework.boot.StartupInfoLogger [main] Starting AdmisssionApplication using Java 14.0.1 on DESKTOP-QQKQL13 with PID 4172 (D:\Shailesh\Virtusa\Virtusa Project\springapp\target\classes started by Shailesh in D:\Shailesh\Virtusa\Virtusa Project)
2022-03-25 18:14:52,159 DEBUG org.springframework.boot.StartupInfoLogger [main] Running with Spring Boot v2.6.3, Spring v5.3.15
2022-03-25 18:14:52,160 INFO org.springframework.boot.SpringApplication [main] No active profile set, falling back to default profiles: default
2022-03-25 18:14:53,206 INFO org.springframework.data.repository.config.RepositoryConfigurationDelegate [main] Bootstrapping Spring Data JPA repositories in DEFAULT mode.
2022-03-25 18:14:53,294 INFO org.springframework.data.repository.config.RepositoryConfigurationDelegate [main] Finished Spring Data repository scanning in 72 ms. Found 5 JPA repository interfaces.
2022-03-25 18:14:54,163 INFO org.springframework.boot.web.embedded.tomcat.TomcatWebServer [main] Tomcat initialized with port(s): 8080 (http)
2022-03-25 18:14:54,184 INFO org.apache.juli.logging.DirectJDKLog [main] Initializing ProtocolHandler ["http-nio-8080"]
2022-03-25 18:14:54,184 INFO org.apache.juli.logging.DirectJDKLog [main] Starting service [Tomcat]
2022-03-25 18:14:54,199 INFO org.apache.juli.logging.DirectJDKLog [main] Starting Servlet engine: [Apache Tomcat/9.0.56]
2022-03-25 18:14:54,366 INFO org.apache.juli.logging.DirectJDKLog [main] Initializing Spring embedded WebApplicationContext
2022-03-25 18:14:54,367 INFO org.springframework.boot.web.servlet.context.ServletWebServerApplicationContext [main] Root WebApplicationContext: initialization completed in 2130 ms
2022-03-25 18:14:54,622 INFO org.hibernate.jpa.internal.util.LogHelper [main] HHH000204: Processing PersistenceUnitInfo [name: default]
2022-03-25 18:14:54,704 INFO org.hibernate.Version [main] HHH000412: Hibernate ORM core version 5.6.4.Final
2022-03-25 18:14:54,896 INFO org.hibernate.annotations.common.reflection.java.JavaReflectionManager [main] HCANN000001: Hibernate Commons Annotations {5.1.2.Final}
2022-03-25 18:14:55,048 INFO com.zaxxer.hikari.HikariDataSource [main] HikariPool-1 - Starting...
2022-03-25 18:14:55,283 INFO com.zaxxer.hikari.HikariDataSource [main] HikariPool-1 - Start completed.
2022-03-25 18:14:55,301 INFO org.hibernate.dialect.Dialect [main] HHH000400: Using dialect: org.hibernate.dialect.MySQL5Dialect
2022-03-25 18:14:56,255 INFO org.hibernate.engine.transaction.jta.platform.internal.JtaPlatformInitiator [main] HHH000490: Using JtaPlatform implementation: [org.hibernate.engine.transaction.jta.platform.internal.NoJtaPlatform]
2022-03-25 18:14:56,271 INFO org.springframework.orm.jpa.AbstractEntityManagerFactoryBean [main] Initialized JPA EntityManagerFactory for persistence unit 'default'
2022-03-25 18:14:57,507 WARN org.springframework.boot.autoconfigure.orm.jpa.JpaBaseConfiguration$JpaWebConfiguration [main] spring.jpa.open-in-view is enabled by default. Therefore, database queries may be performed during view rendering. Explicitly configure spring.jpa.open-in-view to disable this warning
2022-03-25 18:14:57,808 INFO springfox.documentation.spring.web.PropertySourcedRequestMappingHandlerMapping [main] Mapped URL path [/v2/api-docs] onto method [springfox.documentation.swagger2.web.Swagger2Controller#getDocumentation(String, HttpServletRequest)]
2022-03-25 18:14:58,252 INFO org.apache.juli.logging.DirectJDKLog [main] Starting ProtocolHandler ["http-nio-8080"]
2022-03-25 18:14:58,302 INFO org.springframework.boot.web.embedded.tomcat.TomcatWebServer [main] Tomcat started on port(s): 8080 (http) with context path ''
2022-03-25 18:14:58,305 INFO springfox.documentation.spring.web.plugins.DocumentationPluginsBootstrapper [main] Context refreshed
2022-03-25 18:14:58,348 INFO springfox.documentation.spring.web.plugins.DocumentationPluginsBootstrapper [main] Found 1 custom documentation plugin(s)
2022-03-25 18:14:58,420 INFO springfox.documentation.spring.web.scanners.ApiListingReferenceScanner [main] Scanning for api listing references
2022-03-25 18:14:58,652 INFO springfox.documentation.spring.web.readers.operation.CachingOperationNameGenerator [main] Generating unique operation named: deleteCourseUsingDELETE_1
2022-03-25 18:14:58,749 INFO springfox.documentation.spring.web.readers.operation.CachingOperationNameGenerator [main] Generating unique operation named: getAllUsingGET_1
2022-03-25 18:14:58,816 INFO springfox.documentation.spring.web.readers.operation.CachingOperationNameGenerator [main] Generating unique operation named: addUsingPOST_1
2022-03-25 18:14:58,885 INFO org.springframework.boot.StartupInfoLogger [main] Started AdmisssionApplication in 7.18 seconds (JVM running for 7.533)
2022-03-25 18:16:56,682 INFO org.apache.juli.logging.DirectJDKLog [http-nio-8080-exec-1] Initializing Spring DispatcherServlet 'dispatcherServlet'
2022-03-25 18:16:56,682 INFO org.springframework.web.servlet.FrameworkServlet [http-nio-8080-exec-1] Initializing Servlet 'dispatcherServlet'
2022-03-25 18:16:56,698 INFO org.springframework.web.servlet.FrameworkServlet [http-nio-8080-exec-1] Completed initialization in 16 ms
2022-03-25 18:16:57,032 INFO com.diploma.admisssion.controller.UserContoller [http-nio-8080-exec-2] Logged in with: shailesh@gmail.com
2022-03-25 18:17:18,524 INFO org.springframework.orm.jpa.AbstractEntityManagerFactoryBean [SpringApplicationShutdownHook] Closing JPA EntityManagerFactory for persistence unit 'default'
2022-03-25 18:17:18,530 INFO com.zaxxer.hikari.HikariDataSource [SpringApplicationShutdownHook] HikariPool-1 - Shutdown initiated...
2022-03-25 18:17:18,550 INFO com.zaxxer.hikari.HikariDataSource [SpringApplicationShutdownHook] HikariPool-1 - Shutdown completed.
2022-03-25 18:22:58,034 INFO org.springframework.boot.StartupInfoLogger [main] Starting AdmisssionApplication using Java 14.0.1 on DESKTOP-QQKQL13 with PID 14908 (D:\Shailesh\Virtusa\Virtusa Project\springapp\target\classes started by Shailesh in D:\Shailesh\Virtusa\Virtusa Project)
2022-03-25 18:22:58,063 DEBUG org.springframework.boot.StartupInfoLogger [main] Running with Spring Boot v2.6.3, Spring v5.3.15
2022-03-25 18:22:58,068 INFO org.springframework.boot.SpringApplication [main] No active profile set, falling back to default profiles: default
2022-03-25 18:22:59,076 INFO org.springframework.data.repository.config.RepositoryConfigurationDelegate [main] Bootstrapping Spring Data JPA repositories in DEFAULT mode.
2022-03-25 18:22:59,179 INFO org.springframework.data.repository.config.RepositoryConfigurationDelegate [main] Finished Spring Data repository scanning in 81 ms. Found 5 JPA repository interfaces.
2022-03-25 18:23:00,063 INFO org.springframework.boot.web.embedded.tomcat.TomcatWebServer [main] Tomcat initialized with port(s): 8080 (http)
2022-03-25 18:23:00,095 INFO org.apache.juli.logging.DirectJDKLog [main] Initializing ProtocolHandler ["http-nio-8080"]
2022-03-25 18:23:00,097 INFO org.apache.juli.logging.DirectJDKLog [main] Starting service [Tomcat]
2022-03-25 18:23:00,101 INFO org.apache.juli.logging.DirectJDKLog [main] Starting Servlet engine: [Apache Tomcat/9.0.56]
2022-03-25 18:23:00,266 INFO org.apache.juli.logging.DirectJDKLog [main] Initializing Spring embedded WebApplicationContext
2022-03-25 18:23:00,266 INFO org.springframework.boot.web.servlet.context.ServletWebServerApplicationContext [main] Root WebApplicationContext: initialization completed in 2135 ms
2022-03-25 18:23:00,528 INFO org.hibernate.jpa.internal.util.LogHelper [main] HHH000204: Processing PersistenceUnitInfo [name: default]
2022-03-25 18:23:00,594 INFO org.hibernate.Version [main] HHH000412: Hibernate ORM core version 5.6.4.Final
2022-03-25 18:23:00,748 INFO org.hibernate.annotations.common.reflection.java.JavaReflectionManager [main] HCANN000001: Hibernate Commons Annotations {5.1.2.Final}
2022-03-25 18:23:00,848 INFO com.zaxxer.hikari.HikariDataSource [main] HikariPool-1 - Starting...
2022-03-25 18:23:01,048 INFO com.zaxxer.hikari.HikariDataSource [main] HikariPool-1 - Start completed.
2022-03-25 18:23:01,067 INFO org.hibernate.dialect.Dialect [main] HHH000400: Using dialect: org.hibernate.dialect.MySQL5Dialect
2022-03-25 18:23:01,950 INFO org.hibernate.engine.transaction.jta.platform.internal.JtaPlatformInitiator [main] HHH000490: Using JtaPlatform implementation: [org.hibernate.engine.transaction.jta.platform.internal.NoJtaPlatform]
2022-03-25 18:23:01,966 INFO org.springframework.orm.jpa.AbstractEntityManagerFactoryBean [main] Initialized JPA EntityManagerFactory for persistence unit 'default'
2022-03-25 18:23:03,156 WARN org.springframework.boot.autoconfigure.orm.jpa.JpaBaseConfiguration$JpaWebConfiguration [main] spring.jpa.open-in-view is enabled by default. Therefore, database queries may be performed during view rendering. Explicitly configure spring.jpa.open-in-view to disable this warning
2022-03-25 18:23:03,461 INFO springfox.documentation.spring.web.PropertySourcedRequestMappingHandlerMapping [main] Mapped URL path [/v2/api-docs] onto method [springfox.documentation.swagger2.web.Swagger2Controller#getDocumentation(String, HttpServletRequest)]
2022-03-25 18:23:03,900 INFO org.apache.juli.logging.DirectJDKLog [main] Starting ProtocolHandler ["http-nio-8080"]
2022-03-25 18:23:03,938 INFO org.springframework.boot.web.embedded.tomcat.TomcatWebServer [main] Tomcat started on port(s): 8080 (http) with context path ''
2022-03-25 18:23:03,940 INFO springfox.documentation.spring.web.plugins.DocumentationPluginsBootstrapper [main] Context refreshed
2022-03-25 18:23:03,981 INFO springfox.documentation.spring.web.plugins.DocumentationPluginsBootstrapper [main] Found 1 custom documentation plugin(s)
2022-03-25 18:23:04,051 INFO springfox.documentation.spring.web.scanners.ApiListingReferenceScanner [main] Scanning for api listing references
2022-03-25 18:23:04,149 INFO org.apache.juli.logging.DirectJDKLog [http-nio-8080-exec-4] Initializing Spring DispatcherServlet 'dispatcherServlet'
2022-03-25 18:23:04,152 INFO org.springframework.web.servlet.FrameworkServlet [http-nio-8080-exec-4] Initializing Servlet 'dispatcherServlet'
2022-03-25 18:23:04,156 INFO org.springframework.web.servlet.FrameworkServlet [http-nio-8080-exec-4] Completed initialization in 3 ms
2022-03-25 18:23:04,314 INFO springfox.documentation.spring.web.readers.operation.CachingOperationNameGenerator [main] Generating unique operation named: deleteCourseUsingDELETE_1
2022-03-25 18:23:04,408 INFO springfox.documentation.spring.web.readers.operation.CachingOperationNameGenerator [main] Generating unique operation named: getAllUsingGET_1
2022-03-25 18:23:04,462 INFO springfox.documentation.spring.web.readers.operation.CachingOperationNameGenerator [main] Generating unique operation named: addUsingPOST_1
2022-03-25 18:23:04,513 INFO org.springframework.boot.StartupInfoLogger [main] Started AdmisssionApplication in 6.929 seconds (JVM running for 7.272)
2022-03-25 18:26:48,800 INFO org.springframework.boot.StartupInfoLogger [main] Starting AdmisssionApplication using Java 14.0.1 on DESKTOP-QQKQL13 with PID 9296 (D:\Shailesh\Virtusa\Virtusa Project\springapp\target\classes started by Shailesh in D:\Shailesh\Virtusa\Virtusa Project)
2022-03-25 18:26:48,804 DEBUG org.springframework.boot.StartupInfoLogger [main] Running with Spring Boot v2.6.3, Spring v5.3.15
2022-03-25 18:26:48,805 INFO org.springframework.boot.SpringApplication [main] No active profile set, falling back to default profiles: default
2022-03-25 18:26:49,957 INFO org.springframework.data.repository.config.RepositoryConfigurationDelegate [main] Bootstrapping Spring Data JPA repositories in DEFAULT mode.
2022-03-25 18:26:50,034 INFO org.springframework.data.repository.config.RepositoryConfigurationDelegate [main] Finished Spring Data repository scanning in 60 ms. Found 5 JPA repository interfaces.
2022-03-25 18:26:50,825 INFO org.springframework.boot.web.embedded.tomcat.TomcatWebServer [main] Tomcat initialized with port(s): 8080 (http)
2022-03-25 18:26:50,851 INFO org.apache.juli.logging.DirectJDKLog [main] Initializing ProtocolHandler ["http-nio-8080"]
2022-03-25 18:26:50,852 INFO org.apache.juli.logging.DirectJDKLog [main] Starting service [Tomcat]
2022-03-25 18:26:50,853 INFO org.apache.juli.logging.DirectJDKLog [main] Starting Servlet engine: [Apache Tomcat/9.0.56]
2022-03-25 18:26:51,005 INFO org.apache.juli.logging.DirectJDKLog [main] Initializing Spring embedded WebApplicationContext
2022-03-25 18:26:51,005 INFO org.springframework.boot.web.servlet.context.ServletWebServerApplicationContext [main] Root WebApplicationContext: initialization completed in 2118 ms
2022-03-25 18:26:51,281 INFO org.hibernate.jpa.internal.util.LogHelper [main] HHH000204: Processing PersistenceUnitInfo [name: default]
2022-03-25 18:26:51,352 INFO org.hibernate.Version [main] HHH000412: Hibernate ORM core version 5.6.4.Final
2022-03-25 18:26:51,549 INFO org.hibernate.annotations.common.reflection.java.JavaReflectionManager [main] HCANN000001: Hibernate Commons Annotations {5.1.2.Final}
2022-03-25 18:26:51,650 INFO com.zaxxer.hikari.HikariDataSource [main] HikariPool-1 - Starting...
2022-03-25 18:26:51,841 INFO com.zaxxer.hikari.HikariDataSource [main] HikariPool-1 - Start completed.
2022-03-25 18:26:51,867 INFO org.hibernate.dialect.Dialect [main] HHH000400: Using dialect: org.hibernate.dialect.MySQL5Dialect
2022-03-25 18:26:52,800 INFO org.hibernate.engine.transaction.jta.platform.internal.JtaPlatformInitiator [main] HHH000490: Using JtaPlatform implementation: [org.hibernate.engine.transaction.jta.platform.internal.NoJtaPlatform]
2022-03-25 18:26:52,811 INFO org.springframework.orm.jpa.AbstractEntityManagerFactoryBean [main] Initialized JPA EntityManagerFactory for persistence unit 'default'
2022-03-25 18:26:54,095 WARN org.springframework.boot.autoconfigure.orm.jpa.JpaBaseConfiguration$JpaWebConfiguration [main] spring.jpa.open-in-view is enabled by default. Therefore, database queries may be performed during view rendering. Explicitly configure spring.jpa.open-in-view to disable this warning
2022-03-25 18:26:54,499 INFO springfox.documentation.spring.web.PropertySourcedRequestMappingHandlerMapping [main] Mapped URL path [/v2/api-docs] onto method [springfox.documentation.swagger2.web.Swagger2Controller#getDocumentation(String, HttpServletRequest)]
2022-03-25 18:26:54,941 INFO org.apache.juli.logging.DirectJDKLog [main] Starting ProtocolHandler ["http-nio-8080"]
2022-03-25 18:26:54,988 INFO org.springframework.boot.web.embedded.tomcat.TomcatWebServer [main] Tomcat started on port(s): 8080 (http) with context path ''
2022-03-25 18:26:54,991 INFO springfox.documentation.spring.web.plugins.DocumentationPluginsBootstrapper [main] Context refreshed
2022-03-25 18:26:55,026 INFO springfox.documentation.spring.web.plugins.DocumentationPluginsBootstrapper [main] Found 1 custom documentation plugin(s)
2022-03-25 18:26:55,085 INFO springfox.documentation.spring.web.scanners.ApiListingReferenceScanner [main] Scanning for api listing references
2022-03-25 18:26:55,269 INFO springfox.documentation.spring.web.readers.operation.CachingOperationNameGenerator [main] Generating unique operation named: deleteCourseUsingDELETE_1
2022-03-25 18:26:55,337 INFO springfox.documentation.spring.web.readers.operation.CachingOperationNameGenerator [main] Generating unique operation named: getAllUsingGET_1
2022-03-25 18:26:55,379 INFO springfox.documentation.spring.web.readers.operation.CachingOperationNameGenerator [main] Generating unique operation named: addUsingPOST_1
2022-03-25 18:26:55,417 INFO org.springframework.boot.StartupInfoLogger [main] Started AdmisssionApplication in 7.085 seconds (JVM running for 7.442)
2022-03-25 18:26:58,878 INFO org.apache.juli.logging.DirectJDKLog [http-nio-8080-exec-1] Initializing Spring DispatcherServlet 'dispatcherServlet'
2022-03-25 18:26:58,879 INFO org.springframework.web.servlet.FrameworkServlet [http-nio-8080-exec-1] Initializing Servlet 'dispatcherServlet'
2022-03-25 18:26:58,881 INFO org.springframework.web.servlet.FrameworkServlet [http-nio-8080-exec-1] Completed initialization in 1 ms
2022-03-25 18:28:26,918 INFO com.diploma.admisssion.controller.UserContoller [http-nio-8080-exec-1] Logged in with: shailesh@gmail.com
2022-03-25 18:49:30,257 INFO org.springframework.orm.jpa.AbstractEntityManagerFactoryBean [SpringApplicationShutdownHook] Closing JPA EntityManagerFactory for persistence unit 'default'
2022-03-25 18:49:30,263 INFO com.zaxxer.hikari.HikariDataSource [SpringApplicationShutdownHook] HikariPool-1 - Shutdown initiated...
2022-03-25 18:49:30,285 INFO com.zaxxer.hikari.HikariDataSource [SpringApplicationShutdownHook] HikariPool-1 - Shutdown completed.
2022-03-25 21:35:43,880 INFO org.springframework.boot.StartupInfoLogger [main] Starting AdmisssionApplication using Java 14.0.1 on DESKTOP-QQKQL13 with PID 8820 (D:\Shailesh\Virtusa\Virtusa Project\springapp\target\classes started by Shailesh in D:\Shailesh\Virtusa\Virtusa Project)
2022-03-25 21:35:43,888 DEBUG org.springframework.boot.StartupInfoLogger [main] Running with Spring Boot v2.6.3, Spring v5.3.15
2022-03-25 21:35:43,888 INFO org.springframework.boot.SpringApplication [main] No active profile set, falling back to default profiles: default
2022-03-25 21:35:45,030 INFO org.springframework.data.repository.config.RepositoryConfigurationDelegate [main] Bootstrapping Spring Data JPA repositories in DEFAULT mode.
2022-03-25 21:35:45,141 INFO org.springframework.data.repository.config.RepositoryConfigurationDelegate [main] Finished Spring Data repository scanning in 85 ms. Found 5 JPA repository interfaces.
2022-03-25 21:35:45,962 INFO org.springframework.boot.web.embedded.tomcat.TomcatWebServer [main] Tomcat initialized with port(s): 8080 (http)
2022-03-25 21:35:45,979 INFO org.apache.juli.logging.DirectJDKLog [main] Initializing ProtocolHandler ["http-nio-8080"]
2022-03-25 21:35:45,979 INFO org.apache.juli.logging.DirectJDKLog [main] Starting service [Tomcat]
2022-03-25 21:35:45,986 INFO org.apache.juli.logging.DirectJDKLog [main] Starting Servlet engine: [Apache Tomcat/9.0.56]
2022-03-25 21:35:46,149 INFO org.apache.juli.logging.DirectJDKLog [main] Initializing Spring embedded WebApplicationContext
2022-03-25 21:35:46,149 INFO org.springframework.boot.web.servlet.context.ServletWebServerApplicationContext [main] Root WebApplicationContext: initialization completed in 2182 ms
2022-03-25 21:35:46,452 INFO org.hibernate.jpa.internal.util.LogHelper [main] HHH000204: Processing PersistenceUnitInfo [name: default]
2022-03-25 21:35:46,563 INFO org.hibernate.Version [main] HHH000412: Hibernate ORM core version 5.6.4.Final
2022-03-25 21:35:46,749 INFO org.hibernate.annotations.common.reflection.java.JavaReflectionManager [main] HCANN000001: Hibernate Commons Annotations {5.1.2.Final}
2022-03-25 21:35:46,923 INFO com.zaxxer.hikari.HikariDataSource [main] HikariPool-1 - Starting...
2022-03-25 21:35:47,166 INFO com.zaxxer.hikari.HikariDataSource [main] HikariPool-1 - Start completed.
2022-03-25 21:35:47,186 INFO org.hibernate.dialect.Dialect [main] HHH000400: Using dialect: org.hibernate.dialect.MySQL5Dialect
2022-03-25 21:35:48,160 INFO org.hibernate.engine.transaction.jta.platform.internal.JtaPlatformInitiator [main] HHH000490: Using JtaPlatform implementation: [org.hibernate.engine.transaction.jta.platform.internal.NoJtaPlatform]
2022-03-25 21:35:48,178 INFO org.springframework.orm.jpa.AbstractEntityManagerFactoryBean [main] Initialized JPA EntityManagerFactory for persistence unit 'default'
2022-03-25 21:35:49,328 WARN org.springframework.boot.autoconfigure.orm.jpa.JpaBaseConfiguration$JpaWebConfiguration [main] spring.jpa.open-in-view is enabled by default. Therefore, database queries may be performed during view rendering. Explicitly configure spring.jpa.open-in-view to disable this warning
2022-03-25 21:35:49,630 INFO springfox.documentation.spring.web.PropertySourcedRequestMappingHandlerMapping [main] Mapped URL path [/v2/api-docs] onto method [springfox.documentation.swagger2.web.Swagger2Controller#getDocumentation(String, HttpServletRequest)]
2022-03-25 21:35:50,103 INFO org.apache.juli.logging.DirectJDKLog [main] Starting ProtocolHandler ["http-nio-8080"]
2022-03-25 21:35:50,155 INFO org.springframework.boot.web.embedded.tomcat.TomcatWebServer [main] Tomcat started on port(s): 8080 (http) with context path ''
2022-03-25 21:35:50,155 INFO springfox.documentation.spring.web.plugins.DocumentationPluginsBootstrapper [main] Context refreshed
2022-03-25 21:35:50,219 INFO springfox.documentation.spring.web.plugins.DocumentationPluginsBootstrapper [main] Found 1 custom documentation plugin(s)
2022-03-25 21:35:50,284 INFO springfox.documentation.spring.web.scanners.ApiListingReferenceScanner [main] Scanning for api listing references
2022-03-25 21:35:50,519 INFO springfox.documentation.spring.web.readers.operation.CachingOperationNameGenerator [main] Generating unique operation named: deleteCourseUsingDELETE_1
2022-03-25 21:35:50,606 INFO springfox.documentation.spring.web.readers.operation.CachingOperationNameGenerator [main] Generating unique operation named: getAllUsingGET_1
2022-03-25 21:35:50,664 INFO springfox.documentation.spring.web.readers.operation.CachingOperationNameGenerator [main] Generating unique operation named: addUsingPOST_1
2022-03-25 21:35:50,720 INFO org.springframework.boot.StartupInfoLogger [main] Started AdmisssionApplication in 7.392 seconds (JVM running for 7.825)
2022-03-25 21:37:26,744 INFO org.apache.juli.logging.DirectJDKLog [http-nio-8080-exec-1] Initializing Spring DispatcherServlet 'dispatcherServlet'
2022-03-25 21:37:26,744 INFO org.springframework.web.servlet.FrameworkServlet [http-nio-8080-exec-1] Initializing Servlet 'dispatcherServlet'
2022-03-25 21:37:26,752 INFO org.springframework.web.servlet.FrameworkServlet [http-nio-8080-exec-1] Completed initialization in 8 ms
2022-03-25 21:37:27,288 INFO com.diploma.admisssion.controller.UserContoller [http-nio-8080-exec-2] Logged in with: shailesh@gmail.com
2022-03-25 23:00:10,769 INFO com.diploma.admisssion.controller.UserContoller [http-nio-8080-exec-9] Logged in with: shailesh@gmail.com
2022-03-25 23:13:11,174 INFO org.springframework.orm.jpa.AbstractEntityManagerFactoryBean [SpringApplicationShutdownHook] Closing JPA EntityManagerFactory for persistence unit 'default'
2022-03-25 23:13:11,195 INFO com.zaxxer.hikari.HikariDataSource [SpringApplicationShutdownHook] HikariPool-1 - Shutdown initiated...
2022-03-25 23:13:11,203 INFO com.zaxxer.hikari.HikariDataSource [SpringApplicationShutdownHook] HikariPool-1 - Shutdown completed.
